0 info it worked if it ends with ok
1 verbose cli [ 'C:\\Program Files (x86)\\nodejs\\\\node.exe',
1 verbose cli   'C:\\Program Files (x86)\\nodejs\\node_modules\\npm\\bin\\npm-cli.js',
1 verbose cli   'install' ]
2 info using npm@1.4.28
3 info using node@v0.10.32
4 verbose node symlink C:\Program Files (x86)\nodejs\\node.exe
5 verbose readDependencies using package.json deps
6 verbose install where, deps [ 'C:\\Users\\Sameer\\Projects\\ecommit',
6 verbose install   [ 'express', 'bodyParser' ] ]
7 info preinstall eCommIt@0.0.1
8 verbose readDependencies using package.json deps
9 verbose already installed skipping express@* C:\Users\Sameer\Projects\ecommit
10 verbose cache add [ 'bodyParser@*', null ]
11 verbose cache add name=undefined spec="bodyParser@*" args=["bodyParser@*",null]
12 verbose parsed url { protocol: null,
12 verbose parsed url   slashes: null,
12 verbose parsed url   auth: null,
12 verbose parsed url   host: null,
12 verbose parsed url   port: null,
12 verbose parsed url   hostname: null,
12 verbose parsed url   hash: null,
12 verbose parsed url   search: null,
12 verbose parsed url   query: null,
12 verbose parsed url   pathname: 'bodyParser@*',
12 verbose parsed url   path: 'bodyParser@*',
12 verbose parsed url   href: 'bodyParser@*' }
13 verbose cache add name="bodyParser" spec="*" args=["bodyParser","*"]
14 verbose parsed url { protocol: null,
14 verbose parsed url   slashes: null,
14 verbose parsed url   auth: null,
14 verbose parsed url   host: null,
14 verbose parsed url   port: null,
14 verbose parsed url   hostname: null,
14 verbose parsed url   hash: null,
14 verbose parsed url   search: null,
14 verbose parsed url   query: null,
14 verbose parsed url   pathname: '*',
14 verbose parsed url   path: '*',
14 verbose parsed url   href: '*' }
15 verbose addNamed [ 'bodyParser', '*' ]
16 verbose addNamed [ null, '*' ]
17 silly lockFile f371707b-bodyParser bodyParser@*
18 verbose lock bodyParser@* C:\Users\Sameer\AppData\Roaming\npm-cache\f371707b-bodyParser.lock
19 silly addNameRange { name: 'bodyParser', range: '*', hasData: false }
20 verbose request where is /bodyParser
21 verbose request registry https://registry.npmjs.org/
22 verbose request id 98c8256b86c38666
23 verbose url raw /bodyParser
24 verbose url resolving [ 'https://registry.npmjs.org/', './bodyParser' ]
25 verbose url resolved https://registry.npmjs.org/bodyParser
26 verbose request where is https://registry.npmjs.org/bodyParser
27 info trying registry request attempt 1 at 13:55:36
28 http GET https://registry.npmjs.org/bodyParser
29 http 404 https://registry.npmjs.org/bodyParser
30 verbose headers { date: 'Sat, 11 Oct 2014 17:55:37 GMT',
30 verbose headers   server: 'CouchDB/1.5.0 (Erlang OTP/R16B03)',
30 verbose headers   'content-type': 'application/json',
30 verbose headers   'cache-control': 'max-age=0',
30 verbose headers   'content-length': '52',
30 verbose headers   'accept-ranges': 'bytes',
30 verbose headers   via: '1.1 varnish',
30 verbose headers   age: '0',
30 verbose headers   'x-served-by': 'cache-dfw1823-DFW',
30 verbose headers   'x-cache': 'MISS',
30 verbose headers   'x-cache-hits': '0',
30 verbose headers   'x-timer': 'S1413050137.125712,VS0,VE184',
30 verbose headers   'keep-alive': 'timeout=10, max=50',
30 verbose headers   connection: 'Keep-Alive' }
31 silly registry.get cb [ 404,
31 silly registry.get   { date: 'Sat, 11 Oct 2014 17:55:37 GMT',
31 silly registry.get     server: 'CouchDB/1.5.0 (Erlang OTP/R16B03)',
31 silly registry.get     'content-type': 'application/json',
31 silly registry.get     'cache-control': 'max-age=0',
31 silly registry.get     'content-length': '52',
31 silly registry.get     'accept-ranges': 'bytes',
31 silly registry.get     via: '1.1 varnish',
31 silly registry.get     age: '0',
31 silly registry.get     'x-served-by': 'cache-dfw1823-DFW',
31 silly registry.get     'x-cache': 'MISS',
31 silly registry.get     'x-cache-hits': '0',
31 silly registry.get     'x-timer': 'S1413050137.125712,VS0,VE184',
31 silly registry.get     'keep-alive': 'timeout=10, max=50',
31 silly registry.get     connection: 'Keep-Alive' } ]
32 silly lockFile f371707b-bodyParser bodyParser@*
33 silly lockFile f371707b-bodyParser bodyParser@*
34 error 404 404 Not Found: bodyParser
34 error 404
34 error 404 'bodyParser' is not in the npm registry.
34 error 404 You should bug the author to publish it
34 error 404 It was specified as a dependency of 'eCommIt'
34 error 404
34 error 404 Note that you can also install from a
34 error 404 tarball, folder, or http url, or git url.
35 error System Windows_NT 6.2.9200
36 error command "C:\\Program Files (x86)\\nodejs\\\\node.exe" "C:\\Program Files (x86)\\nodejs\\node_modules\\npm\\bin\\npm-cli.js" "install"
37 error cwd C:\Users\Sameer\Projects\ecommit
38 error node -v v0.10.32
39 error npm -v 1.4.28
40 error code E404
41 verbose exit [ 1, true ]
